app/build/intermediates/manifest_merge_blame_file/debug/manifest-merger-blame-debug-report.txt
1<?xml version="1.0" encoding="utf-8"?>
2<manifest xmlns:android="http://schemas.android.com/apk/res/android"
3    package="com.btw.dickies"
4    android:versionCode="197000022"
5    android:versionName="1.97.00.0022" >
6
7    <uses-sdk
8        android:minSdkVersion="24"
8-->src\main\AndroidManifest.xml
9        android:targetSdkVersion="30" />
9-->src\main\AndroidManifest.xml
10
11    <uses-permission android:name="android.permission.WRITE_EXTERNAL_STORAGE" />
11-->src\main\AndroidManifest.xml:7:5-81
11-->src\main\AndroidManifest.xml:7:22-78
12    <uses-permission android:name="com.honeywell.decode.permission.DECODE" />
12-->[:DataCollectionLib] AndroidManifest.xml:11:5-78
12-->[:DataCollectionLib] AndroidManifest.xml:11:22-75
13
14    <application
14-->src\main\AndroidManifest.xml:9:5-52:19
15        android:allowBackup="true"
15-->src\main\AndroidManifest.xml:10:9-35
16        android:appComponentFactory="androidx.core.app.CoreComponentFactory"
16-->[androidx.core:core:1.5.0] AndroidManifest.xml:24:18-86
17        android:debuggable="true"
17-->[:DataCollectionLib] AndroidManifest.xml:15:9-35
18        android:extractNativeLibs="false"
19        android:icon="@drawable/barcode_example_icon"
19-->src\main\AndroidManifest.xml:11:9-54
20        android:label="@string/app_name"
20-->src\main\AndroidManifest.xml:12:9-41
21        android:theme="@style/AppTheme" >
21-->src\main\AndroidManifest.xml:13:9-40
22        <activity
22-->src\main\AndroidManifest.xml:14:9-16:40
23            android:name="com.btw.dickies.activities.ProductLoadActivity"
23-->src\main\AndroidManifest.xml:15:13-74
24            android:exported="false" />
24-->src\main\AndroidManifest.xml:16:13-37
25        <activity android:name="com.btw.dickies.activities.ScanTransactionActivity" />
25-->src\main\AndroidManifest.xml:17:9-87
25-->src\main\AndroidManifest.xml:17:19-84
26        <activity android:name="com.btw.dickies.activities.InventoryScanActivity" />
26-->src\main\AndroidManifest.xml:18:9-85
26-->src\main\AndroidManifest.xml:18:19-82
27        <activity android:name="com.btw.dickies.activities.UserChangePasswordActivity" />
27-->src\main\AndroidManifest.xml:20:9-90
27-->src\main\AndroidManifest.xml:20:19-87
28        <activity android:name="com.btw.dickies.activities.UserNewActivity" />
28-->src\main\AndroidManifest.xml:21:9-79
28-->src\main\AndroidManifest.xml:21:19-76
29        <activity android:name="com.btw.dickies.activities.ModelRegisterActivity" />
29-->src\main\AndroidManifest.xml:22:9-85
29-->src\main\AndroidManifest.xml:22:19-82
30        <activity android:name="com.btw.dickies.activities.ModelViewActivity" />
30-->src\main\AndroidManifest.xml:23:9-81
30-->src\main\AndroidManifest.xml:23:19-78
31        <activity android:name="com.btw.dickies.activities.MenuActivity" />
31-->src\main\AndroidManifest.xml:24:9-76
31-->src\main\AndroidManifest.xml:24:19-73
32        <activity
32-->src\main\AndroidManifest.xml:25:9-32:20
33            android:name="com.btw.dickies.activities.LoginActivity"
33-->src\main\AndroidManifest.xml:26:13-68
34            android:exported="true" >
34-->src\main\AndroidManifest.xml:27:13-36
35            <intent-filter>
35-->src\main\AndroidManifest.xml:28:13-31:29
36                <action android:name="android.intent.action.MAIN" />
36-->src\main\AndroidManifest.xml:29:17-69
36-->src\main\AndroidManifest.xml:29:25-66
37
38                <category android:name="android.intent.category.LAUNCHER" />
38-->src\main\AndroidManifest.xml:30:17-77
38-->src\main\AndroidManifest.xml:30:27-74
39            </intent-filter>
40        </activity>
41        <activity
41-->src\main\AndroidManifest.xml:33:9-37:20
42            android:name="com.btw.dickies.activities.MainActivity"
42-->src\main\AndroidManifest.xml:34:13-67
43            android:exported="true" >
43-->src\main\AndroidManifest.xml:35:13-36
44        </activity>
45        <activity
45-->src\main\AndroidManifest.xml:38:9-44:20
46            android:name="com.btw.dickies.activities.RegisterActivity"
46-->src\main\AndroidManifest.xml:39:13-71
47            android:exported="true" >
47-->src\main\AndroidManifest.xml:40:13-36
48            <intent-filter>
48-->src\main\AndroidManifest.xml:41:13-43:29
49                <category android:name="android.intent.category.DEFAULT" />
49-->src\main\AndroidManifest.xml:42:17-76
49-->src\main\AndroidManifest.xml:42:27-73
50            </intent-filter>
51        </activity>
52        <activity
52-->src\main\AndroidManifest.xml:45:9-51:20
53            android:name="com.btw.dickies.activities.ViewUserActivity"
53-->src\main\AndroidManifest.xml:46:13-71
54            android:exported="true" >
54-->src\main\AndroidManifest.xml:47:13-36
55            <intent-filter>
55-->src\main\AndroidManifest.xml:41:13-43:29
56                <category android:name="android.intent.category.DEFAULT" />
56-->src\main\AndroidManifest.xml:42:17-76
56-->src\main\AndroidManifest.xml:42:27-73
57            </intent-filter>
58        </activity>
59    </application>
60
61</manifest>